<?xml version="1.0" encoding="UTF-8"?>
<!-- Generated by org.testng.reporters.JUnitReportReporter -->
<testsuite hostname="MSI" failures="0" tests="3" name="testCases.TC003_LoginDDT" time="27.691" errors="0" timestamp="2025-03-10T00:52:50 IST" skipped="0">
  <testcase classname="testCases.TC003_LoginDDT" name="verify_loginDDT" time="3.895"/>
  <testcase classname="testCases.TC003_LoginDDT" name="verify_loginDDT" time="11.917"/>
  <testcase classname="testCases.TC003_LoginDDT" name="verify_loginDDT" time="11.879"/>
</testsuite> <!-- testCases.TC003_LoginDDT -->
