<?xml version="1.0" encoding="UTF-8"?>
<!-- Generated by org.testng.reporters.JUnitReportReporter -->
<testsuite hostname="MSI" failures="0" tests="1" name="testCases.TC_002_AccountLoginTest" time="2.099" errors="0" timestamp="2025-03-09T05:32:43 IST" skipped="0">
  <testcase classname="testCases.TC_002_AccountLoginTest" name="verify_login" time="2.099"/>
</testsuite> <!-- testCases.TC_002_AccountLoginTest -->
