<?xml version="1.0" encoding="UTF-8"?>
<!-- Generated by org.testng.reporters.JUnitReportReporter -->
<testsuite hostname="MSI" failures="0" tests="3" name="testCases.TC003_LoginDDT" time="28.628" errors="0" timestamp="2025-03-09T05:24:42 IST" skipped="0">
  <testcase classname="testCases.TC003_LoginDDT" name="verify_loginDDT" time="4.261"/>
  <testcase classname="testCases.TC003_LoginDDT" name="verify_loginDDT" time="12.553"/>
  <testcase classname="testCases.TC003_LoginDDT" name="verify_loginDDT" time="11.814"/>
</testsuite> <!-- testCases.TC003_LoginDDT -->
