<?xml version="1.0" encoding="UTF-8"?>
<!-- Generated by org.testng.reporters.JUnitReportReporter -->
<testsuite hostname="MSI" failures="0" tests="3" name="testCases.TC003_LoginDDT" time="26.842" errors="0" timestamp="2025-03-09T05:53:15 IST" skipped="0">
  <testcase classname="testCases.TC003_LoginDDT" name="verify_loginDDT" time="3.690"/>
  <testcase classname="testCases.TC003_LoginDDT" name="verify_loginDDT" time="11.494"/>
  <testcase classname="testCases.TC003_LoginDDT" name="verify_loginDDT" time="11.658"/>
</testsuite> <!-- testCases.TC003_LoginDDT -->
